#
# There is insufficient memory for the Java Runtime Environment to continue.
# Native memory allocation (malloc) failed to allocate 550576 bytes for Chunk::new
# Possible reasons:
#   The system is out of physical RAM or swap space
#   The process is running with CompressedOops enabled, and the Java Heap may be blocking the growth of the native heap
# Possible solutions:
#   Reduce memory load on the system
#   Increase physical memory or swap space
#   Check if swap backing store is full
#   Decrease Java heap size (-Xmx/-Xms)
#   Decrease number of Java threads
#   Decrease Java thread stack sizes (-Xss)
#   Set larger code cache with -XX:ReservedCodeCacheSize=
#   JVM is running with Zero Based Compressed Oops mode in which the Java heap is
#     placed in the first 32GB address space. The Java Heap base address is the
#     maximum limit for the native heap growth. Please use -XX:HeapBaseMinAddress
#     to set the Java Heap base and to place the Java Heap above 32GB virtual address.
# This output file may be truncated or incomplete.
#
#  Out of Memory Error (arena.cpp:189), pid=25140, tid=14600
#
# JRE version: Java(TM) SE Runtime Environment (17.0.7+8) (build 17.0.7+8-LTS-224)
# Java VM: Java HotSpot(TM) 64-Bit Server VM (17.0.7+8-LTS-224, mixed mode, sharing, tiered, compressed oops, compressed class ptrs, g1 gc, windows-amd64)
# No core dump will be written. Minidumps are not enabled by default on client versions of Windows
#

---------------  S U M M A R Y ------------

Command Line: -ea -Dfile.encoding=UTF-8 -XX:+ShowCodeDetailsInExceptionMessages org.testng.remote.RemoteTestNG -serport 65227 -protocol json -d D:\Mobile Testing Workspace\EdaatMobileAutomation\test-output C:\Users\USER\AppData\Local\Temp\testng-eclipse-617022544\testng-customsuite.xml

Host: Intel(R) Core(TM) i5-8350U CPU @ 1.70GHz, 8 cores, 15G,  Windows 11 , 64 bit Build 22621 (10.0.22621.2506)
Time: Wed Nov 22 17:53:01 2023 India Standard Time elapsed time: 119.150693 seconds (0d 0h 1m 59s)

---------------  T H R E A D  ---------------

Current thread (0x000001f454006a20):  JavaThread "C2 CompilerThread0" daemon [_thread_in_native, id=14600, stack(0x000000928e800000,0x000000928e900000)]


Current CompileTask:
C2: 119150 3042  s!   4       jdk.internal.loader.URLClassPath::getLoader (194 bytes)

Stack: [0x000000928e800000,0x000000928e900000]
Native frames: (J=compiled Java code, j=interpreted, Vv=VM code, C=native code)
V  [jvm.dll+0x676a4a]
V  [jvm.dll+0x7d74f4]
V  [jvm.dll+0x7d8c9e]
V  [jvm.dll+0x7d9303]
V  [jvm.dll+0x2452c5]
V  [jvm.dll+0xaaa2b]
V  [jvm.dll+0xaafcc]
V  [jvm.dll+0x2aac2f]
V  [jvm.dll+0x57f375]
V  [jvm.dll+0x2205f2]
V  [jvm.dll+0x2209cf]
V  [jvm.dll+0x219926]
V  [jvm.dll+0x216df9]
V  [jvm.dll+0x1a35e0]
V  [jvm.dll+0x226a6e]
V  [jvm.dll+0x224e15]
V  [jvm.dll+0x78d05c]
V  [jvm.dll+0x78759a]
V  [jvm.dll+0x675875]
C  [ucrtbase.dll+0x29363]
C  [KERNEL32.DLL+0x1257d]
C  [ntdll.dll+0x5aa58]


---------------  P R O C E S S  ---------------

Threads class SMR info:
_java_thread_list=0x000001f456c0db60, length=16, elements={
0x000001f42e902720, 0x000001f4535d7a10, 0x000001f4535d9020, 0x000001f454000080,
0x000001f454000750, 0x000001f454002220, 0x000001f454004ef0, 0x000001f454006a20,
0x000001f4540073d0, 0x000001f4535ecff0, 0x000001f454131910, 0x000001f454149e80,
0x000001f45498dc70, 0x000001f45424afd0, 0x000001f456ab3b70, 0x000001f4542e90a0
}

Java Threads: ( => current thread )
  0x000001f42e902720 JavaThread "main" [_thread_in_native, id=14180, stack(0x000000928db00000,0x000000928dc00000)]
  0x000001f4535d7a10 JavaThread "Reference Handler" daemon [_thread_blocked, id=7612, stack(0x000000928e200000,0x000000928e300000)]
  0x000001f4535d9020 JavaThread "Finalizer" daemon [_thread_blocked, id=27896, stack(0x000000928e300000,0x000000928e400000)]
  0x000001f454000080 JavaThread "Signal Dispatcher" daemon [_thread_blocked, id=16788, stack(0x000000928e400000,0x000000928e500000)]
  0x000001f454000750 JavaThread "Attach Listener" daemon [_thread_blocked, id=15916, stack(0x000000928e500000,0x000000928e600000)]
  0x000001f454002220 JavaThread "Service Thread" daemon [_thread_blocked, id=26048, stack(0x000000928e600000,0x000000928e700000)]
  0x000001f454004ef0 JavaThread "Monitor Deflation Thread" daemon [_thread_blocked, id=27328, stack(0x000000928e700000,0x000000928e800000)]
=>0x000001f454006a20 JavaThread "C2 CompilerThread0" daemon [_thread_in_native, id=14600, stack(0x000000928e800000,0x000000928e900000)]
  0x000001f4540073d0 JavaThread "C1 CompilerThread0" daemon [_thread_blocked, id=12252, stack(0x000000928e900000,0x000000928ea00000)]
  0x000001f4535ecff0 JavaThread "Sweeper thread" daemon [_thread_blocked, id=3116, stack(0x000000928ea00000,0x000000928eb00000)]
  0x000001f454131910 JavaThread "Notification Thread" daemon [_thread_blocked, id=16740, stack(0x000000928eb00000,0x000000928ec00000)]
  0x000001f454149e80 JavaThread "Common-Cleaner" daemon [_thread_blocked, id=23848, stack(0x000000928ed00000,0x000000928ee00000)]
  0x000001f45498dc70 JavaThread "ReaderThread" [_thread_in_native, id=21284, stack(0x000000928ef00000,0x000000928f000000)]
  0x000001f45424afd0 JavaThread "ForkJoinPool.commonPool-worker-2" daemon [_thread_blocked, id=17040, stack(0x000000928f700000,0x000000928f800000)]
  0x000001f456ab3b70 JavaThread "OkHttp ConnectionPool" daemon [_thread_blocked, id=4568, stack(0x000000928fa00000,0x000000928fb00000)]
  0x000001f4542e90a0 JavaThread "Okio Watchdog" daemon [_thread_blocked, id=8364, stack(0x000000928fb00000,0x000000928fc00000)]

Other Threads:
  0x000001f4535d1670 VMThread "VM Thread" [stack: 0x000000928e100000,0x000000928e200000] [id=10084]
  0x000001f42e985ce0 WatcherThread [stack: 0x000000928ec00000,0x000000928ed00000] [id=28564]
  0x000001f42e96e020 GCTaskThread "GC Thread#0" [stack: 0x000000928dc00000,0x000000928dd00000] [id=16804]
  0x000001f454a9f100 GCTaskThread "GC Thread#1" [stack: 0x000000928f000000,0x000000928f100000] [id=25256]
  0x000001f454a9f3b0 GCTaskThread "GC Thread#2" [stack: 0x000000928f100000,0x000000928f200000] [id=9252]
  0x000001f454a9f660 GCTaskThread "GC Thread#3" [stack: 0x000000928f200000,0x000000928f300000] [id=3036]
  0x000001f454a9f910 GCTaskThread "GC Thread#4" [stack: 0x000000928f300000,0x000000928f400000] [id=10788]
  0x000001f454dc5bb0 GCTaskThread "GC Thread#5" [stack: 0x000000928f400000,0x000000928f500000] [id=27652]
  0x000001f454f487d0 GCTaskThread "GC Thread#6" [stack: 0x000000928f500000,0x000000928f600000] [id=14008]
  0x000001f455391ca0 GCTaskThread "GC Thread#7" [stack: 0x000000928f800000,0x000000928f900000] [id=3012]
  0x000001f42e97ed70 ConcurrentGCThread "G1 Main Marker" [stack: 0x000000928dd00000,0x000000928de00000] [id=28980]
  0x000001f42e97ff20 ConcurrentGCThread "G1 Conc#0" [stack: 0x000000928de00000,0x000000928df00000] [id=22400]
  0x000001f4549efa50 ConcurrentGCThread "G1 Conc#1" [stack: 0x000000928f900000,0x000000928fa00000] [id=11460]
  0x000001f42e9bd2e0 ConcurrentGCThread "G1 Refine#0" [stack: 0x000000928df00000,0x000000928e000000] [id=28476]
  0x000001f45348c530 ConcurrentGCThread "G1 Service" [stack: 0x000000928e000000,0x000000928e100000] [id=18892]

Threads with active compile tasks:
C2 CompilerThread0   119248 3042  s!   4       jdk.internal.loader.URLClassPath::getLoader (194 bytes)

VM state: not at safepoint (normal execution)

VM Mutex/Monitor currently owned by a thread: None

Heap address: 0x0000000701e00000, size: 4066 MB, Compressed Oops mode: Zero based, Oop shift amount: 3

CDS archive(s) mapped at: [0x0000000800000000-0x0000000800bd0000-0x0000000800bd0000), size 12386304, SharedBaseAddress: 0x0000000800000000, ArchiveRelocationMode: 0.
Compressed class space mapped at: 0x0000000800c00000-0x0000000840c00000, reserved size: 1073741824
Narrow klass base: 0x0000000800000000, Narrow klass shift: 0, Narrow klass range: 0x100000000

GC Precious Log:
 CPUs: 8 total, 8 available
 Memory: 16258M
 Large Page Support: Disabled
 NUMA Support: Disabled
 Compressed Oops: Enabled (Zero based)
 Heap Region Size: 2M
 Heap Min Capacity: 8M
 Heap Initial Capacity: 256M
 Heap Max Capacity: 4066M
 Pre-touch: Disabled
 Parallel Workers: 8
 Concurrent Workers: 2
 Concurrent Refinement Workers: 8
 Periodic GC: Disabled

Heap:
 garbage-first heap   total 61440K, used 30356K [0x0000000701e00000, 0x0000000800000000)
  region size 2048K, 10 young (20480K), 2 survivors (4096K)
 Metaspace       used 24516K, committed 24832K, reserved 1073152K
  class space    used 2833K, committed 3008K, reserved 1048576K

Heap Regions: E=young(eden), S=young(survivor), O=old, HS=humongous(starts), HC=humongous(continues), CS=collection set, F=free, OA=open archive, CA=closed archive, TAMS=top-at-mark-start (previous, next)
|   0|0x0000000701e00000, 0x0000000702000000, 0x0000000702000000|100%|HS|  |TAMS 0x0000000702000000, 0x0000000701e00000| Complete 
|   1|0x0000000702000000, 0x0000000702200000, 0x0000000702200000|100%| O|  |TAMS 0x0000000702200000, 0x0000000702000000| Untracked 
|   2|0x0000000702200000, 0x0000000702400000, 0x0000000702400000|100%| O|  |TAMS 0x0000000702400000, 0x0000000702200000| Untracked 
|   3|0x0000000702400000, 0x0000000702600000, 0x0000000702600000|100%| O|  |TAMS 0x0000000702600000, 0x0000000702400000| Untracked 
|   4|0x0000000702600000, 0x0000000702800000, 0x0000000702800000|100%| O|  |TAMS 0x0000000702800000, 0x0000000702600000| Untracked 
|   5|0x0000000702800000, 0x00000007029bb600, 0x0000000702a00000| 86%| O|  |TAMS 0x00000007029bb600, 0x0000000702800000| Complete 
|   6|0x0000000702a00000, 0x0000000702a00000, 0x0000000702c00000|  0%| F|  |TAMS 0x0000000702a00000, 0x0000000702a00000| Untracked 
|   7|0x0000000702c00000, 0x0000000702c00000, 0x0000000702e00000|  0%| F|  |TAMS 0x0000000702c00000, 0x0000000702c00000| Untracked 
|   8|0x0000000702e00000, 0x0000000702e00000, 0x0000000703000000|  0%| F|  |TAMS 0x0000000702e00000, 0x0000000702e00000| Untracked 
|   9|0x0000000703000000, 0x0000000703000000, 0x0000000703200000|  0%| F|  |TAMS 0x0000000703000000, 0x0000000703000000| Untracked 
|  10|0x0000000703200000, 0x0000000703200000, 0x0000000703400000|  0%| F|  |TAMS 0x0000000703200000, 0x0000000703200000| Untracked 
|  11|0x0000000703400000, 0x0000000703400000, 0x0000000703600000|  0%| F|  |TAMS 0x0000000703400000, 0x0000000703400000| Untracked 
|  12|0x0000000703600000, 0x0000000703600000, 0x0000000703800000|  0%| F|  |TAMS 0x0000000703600000, 0x0000000703600000| Untracked 
|  13|0x0000000703800000, 0x0000000703800000, 0x0000000703a00000|  0%| F|  |TAMS 0x0000000703800000, 0x0000000703800000| Untracked 
|  14|0x0000000703a00000, 0x0000000703a00000, 0x0000000703c00000|  0%| F|  |TAMS 0x0000000703a00000, 0x0000000703a00000| Untracked 
|  15|0x0000000703c00000, 0x0000000703c00000, 0x0000000703e00000|  0%| F|  |TAMS 0x0000000703c00000, 0x0000000703c00000| Untracked 
|  16|0x0000000703e00000, 0x0000000703e00000, 0x0000000704000000|  0%| F|  |TAMS 0x0000000703e00000, 0x0000000703e00000| Untracked 
|  17|0x0000000704000000, 0x0000000704000000, 0x0000000704200000|  0%| F|  |TAMS 0x0000000704000000, 0x0000000704000000| Untracked 
|  18|0x0000000704200000, 0x0000000704200000, 0x0000000704400000|  0%| F|  |TAMS 0x0000000704200000, 0x0000000704200000| Untracked 
|  19|0x0000000704400000, 0x0000000704400000, 0x0000000704600000|  0%| F|  |TAMS 0x0000000704400000, 0x0000000704400000| Untracked 
|  20|0x0000000704600000, 0x0000000704700800, 0x0000000704800000| 50%| E|  |TAMS 0x0000000704600000, 0x0000000704600000| Complete 
|  21|0x0000000704800000, 0x0000000704a00000, 0x0000000704a00000|100%| E|CS|TAMS 0x0000000704800000, 0x0000000704800000| Complete 
|  22|0x0000000704a00000, 0x0000000704c00000, 0x0000000704c00000|100%| E|CS|TAMS 0x0000000704a00000, 0x0000000704a00000| Complete 
|  23|0x0000000704c00000, 0x0000000704e00000, 0x0000000704e00000|100%| E|CS|TAMS 0x0000000704c00000, 0x0000000704c00000| Complete 
|  24|0x0000000704e00000, 0x0000000705000000, 0x0000000705000000|100%| E|CS|TAMS 0x0000000704e00000, 0x0000000704e00000| Complete 
|  25|0x0000000705000000, 0x0000000705200000, 0x0000000705200000|100%| E|CS|TAMS 0x0000000705000000, 0x0000000705000000| Complete 
|  26|0x0000000705200000, 0x0000000705400000, 0x0000000705400000|100%| E|CS|TAMS 0x0000000705200000, 0x0000000705200000| Complete 
|  84|0x000000070c600000, 0x000000070c7e9a80, 0x000000070c800000| 95%| S|CS|TAMS 0x000000070c600000, 0x000000070c600000| Complete 
|  85|0x000000070c800000, 0x000000070ca00000, 0x000000070ca00000|100%| S|CS|TAMS 0x000000070c800000, 0x000000070c800000| Complete 
| 127|0x0000000711c00000, 0x0000000711e00000, 0x0000000711e00000|100%| E|CS|TAMS 0x0000000711c00000, 0x0000000711c00000| Complete 

Card table byte_map: [0x000001f447bc0000,0x000001f4483c0000] _byte_map_base: 0x000001f4443b1000

Marking Bits (Prev, Next): (CMBitMap*) 0x000001f42e96e670, (CMBitMap*) 0x000001f42e96e630
 Prev Bits: [0x000001f44cb50000, 0x000001f450ad8000)
 Next Bits: [0x000001f448bc0000, 0x000001f44cb48000)

Polling page: 0x000001f42e9c0000

Metaspace:

Usage:
  Non-class:     21.18 MB used.
      Class:      2.77 MB used.
       Both:     23.95 MB used.

Virtual space:
  Non-class space:       24.00 MB reserved,      21.31 MB ( 89%) committed,  3 nodes.
      Class space:        1.00 GB reserved,       2.94 MB ( <1%) committed,  1 nodes.
             Both:        1.02 GB reserved,      24.25 MB (  2%) committed. 

Chunk freelists:
   Non-Class:  1.83 MB
       Class:  992.00 KB
        Both:  2.80 MB

MaxMetaspaceSize: unlimited
CompressedClassSpaceSize: 1.00 GB
Initial GC threshold: 21.00 MB
Current GC threshold: 35.12 MB
CDS: on
MetaspaceReclaimPolicy: balanced
 - commit_granule_bytes: 65536.
 - commit_granule_words: 8192.
 - virtual_space_node_default_size: 1048576.
 - enlarge_chunks_in_place: 1.
 - new_chunks_are_fully_committed: 0.
 - uncommit_free_chunks: 1.
 - use_allocation_guard: 0.
 - handle_deallocations: 1.


Internal statistics:

num_allocs_failed_limit: 3.
num_arena_births: 274.
num_arena_deaths: 0.
num_vsnodes_births: 4.
num_vsnodes_deaths: 0.
num_space_committed: 388.
num_space_uncommitted: 0.
num_chunks_returned_to_freelist: 3.
num_chunks_taken_from_freelist: 954.
num_chunk_merges: 3.
num_chunk_splits: 616.
num_chunks_enlarged: 416.
num_purges: 0.
num_inconsistent_stats: 0.

CodeHeap 'non-profiled nmethods': size=120000Kb used=1704Kb max_used=1704Kb free=118295Kb
 bounds [0x000001f43f410000, 0x000001f43f680000, 0x000001f446940000]
CodeHeap 'profiled nmethods': size=120000Kb used=5782Kb max_used=5782Kb free=114217Kb
 bounds [0x000001f437940000, 0x000001f437ef0000, 0x000001f43ee70000]
CodeHeap 'non-nmethods': size=5760Kb used=1287Kb max_used=1344Kb free=4472Kb
 bounds [0x000001f43ee70000, 0x000001f43f0e0000, 0x000001f43f410000]
 total_blobs=3640 nmethods=3039 adapters=513
 compilation: enabled
              stopped_count=0, restarted_count=0
 full_count=0

Compilation events (20 events):
Event: 118.936 Thread 0x000001f4540073d0 nmethod 3033 0x000001f437ee1c90 code [0x000001f437ee1e40, 0x000001f437ee2178]
Event: 118.936 Thread 0x000001f4540073d0 3034       3       java.util.regex.Pattern$Slice::match (79 bytes)
Event: 118.937 Thread 0x000001f4540073d0 nmethod 3034 0x000001f437ee2290 code [0x000001f437ee2460, 0x000001f437ee2918]
Event: 118.938 Thread 0x000001f4540073d0 3035       3       java.util.HashMap::afterNodeRemoval (1 bytes)
Event: 118.938 Thread 0x000001f4540073d0 nmethod 3035 0x000001f437ee2a90 code [0x000001f437ee2c20, 0x000001f437ee2d38]
Event: 118.938 Thread 0x000001f4540073d0 3036       1       java.util.Collections$SingletonList::size (2 bytes)
Event: 118.938 Thread 0x000001f4540073d0 nmethod 3036 0x000001f43f5b9510 code [0x000001f43f5b96a0, 0x000001f43f5b9778]
Event: 118.940 Thread 0x000001f4540073d0 3037       1       org.testng.shaded.com.google.gson.reflect.TypeToken::getType (5 bytes)
Event: 118.940 Thread 0x000001f4540073d0 nmethod 3037 0x000001f43f5b9810 code [0x000001f43f5b99a0, 0x000001f43f5b9a78]
Event: 118.940 Thread 0x000001f4540073d0 3038       3       java.lang.StringCoding::implEncodeAsciiArray (47 bytes)
Event: 118.940 Thread 0x000001f4540073d0 nmethod 3038 0x000001f437ee2e10 code [0x000001f437ee2fc0, 0x000001f437ee3218]
Event: 118.942 Thread 0x000001f4540073d0 3039       3       com.aventstack.extentreports.SessionStatusStats::incrementChild (185 bytes)
Event: 118.942 Thread 0x000001f4540073d0 nmethod 3039 0x000001f437ee3390 code [0x000001f437ee3540, 0x000001f437ee3918]
Event: 118.943 Thread 0x000001f4540073d0 3040       3       jdk.internal.org.objectweb.asm.MethodVisitor::visitInsn (16 bytes)
Event: 118.943 Thread 0x000001f4540073d0 nmethod 3040 0x000001f437ee3a10 code [0x000001f437ee3bc0, 0x000001f437ee3dc8]
Event: 118.949 Thread 0x000001f454006a20 3042  s!   4       jdk.internal.loader.URLClassPath::getLoader (194 bytes)
Event: 119.135 Thread 0x000001f4540073d0 3044  s    3       java.lang.StringBuffer::append (13 bytes)
Event: 119.136 Thread 0x000001f4540073d0 nmethod 3044 0x000001f437ee3e90 code [0x000001f437ee4040, 0x000001f437ee4268]
Event: 119.136 Thread 0x000001f4540073d0 3045       3       jdk.internal.misc.Unsafe::copyMemory (33 bytes)
Event: 119.139 Thread 0x000001f4540073d0 nmethod 3045 0x000001f437ee4310 code [0x000001f437ee45c0, 0x000001f437ee5318]

GC Heap History (8 events):
Event: 7.603 GC heap before
{Heap before GC invocations=0 (full 0):
 garbage-first heap   total 262144K, used 22528K [0x0000000701e00000, 0x0000000800000000)
  region size 2048K, 11 young (22528K), 0 survivors (0K)
 Metaspace       used 6252K, committed 6464K, reserved 1056768K
  class space    used 660K, committed 768K, reserved 1048576K
}
Event: 7.617 GC heap after
{Heap after GC invocations=1 (full 0):
 garbage-first heap   total 262144K, used 11936K [0x0000000701e00000, 0x0000000800000000)
  region size 2048K, 2 young (4096K), 2 survivors (4096K)
 Metaspace       used 6252K, committed 6464K, reserved 1056768K
  class space    used 660K, committed 768K, reserved 1048576K
}
Event: 10.156 GC heap before
{Heap before GC invocations=1 (full 0):
 garbage-first heap   total 262144K, used 28320K [0x0000000701e00000, 0x0000000800000000)
  region size 2048K, 10 young (20480K), 2 survivors (4096K)
 Metaspace       used 13655K, committed 13824K, reserved 1064960K
  class space    used 1518K, committed 1600K, reserved 1048576K
}
Event: 10.169 GC heap after
{Heap after GC invocations=2 (full 0):
 garbage-first heap   total 262144K, used 15151K [0x0000000701e00000, 0x0000000800000000)
  region size 2048K, 2 young (4096K), 2 survivors (4096K)
 Metaspace       used 13655K, committed 13824K, reserved 1064960K
  class space    used 1518K, committed 1600K, reserved 1048576K
}
Event: 11.778 GC heap before
{Heap before GC invocations=2 (full 0):
 garbage-first heap   total 262144K, used 49967K [0x0000000701e00000, 0x0000000800000000)
  region size 2048K, 20 young (40960K), 2 survivors (4096K)
 Metaspace       used 15993K, committed 16192K, reserved 1064960K
  class space    used 1702K, committed 1792K, reserved 1048576K
}
Event: 11.784 GC heap after
{Heap after GC invocations=3 (full 0):
 garbage-first heap   total 262144K, used 15649K [0x0000000701e00000, 0x0000000800000000)
  region size 2048K, 2 young (4096K), 2 survivors (4096K)
 Metaspace       used 15993K, committed 16192K, reserved 1064960K
  class space    used 1702K, committed 1792K, reserved 1048576K
}
Event: 15.093 GC heap before
{Heap before GC invocations=3 (full 0):
 garbage-first heap   total 262144K, used 95521K [0x0000000701e00000, 0x0000000800000000)
  region size 2048K, 42 young (86016K), 2 survivors (4096K)
 Metaspace       used 21273K, committed 21504K, reserved 1073152K
  class space    used 2409K, committed 2560K, reserved 1048576K
}
Event: 15.101 GC heap after
{Heap after GC invocations=4 (full 0):
 garbage-first heap   total 262144K, used 16020K [0x0000000701e00000, 0x0000000800000000)
  region size 2048K, 2 young (4096K), 2 survivors (4096K)
 Metaspace       used 21273K, committed 21504K, reserved 1073152K
  class space    used 2409K, committed 2560K, reserved 1048576K
}

Deoptimization events (20 events):
Event: 100.570 Thread 0x000001f42e902720 Uncommon trap: trap_request=0xffffffc6 fr.pc=0x000001f43f512a18 relative=0x0000000000000ff8
Event: 100.570 Thread 0x000001f42e902720 Uncommon trap: reason=bimorphic_or_optimized_type_check action=maybe_recompile pc=0x000001f43f512a18 method=java.util.HashMap.putVal(ILjava/lang/Object;Ljava/lang/Object;ZZ)Ljava/lang/Object; @ 152 c2
Event: 100.570 Thread 0x000001f42e902720 DEOPT PACKING pc=0x000001f43f512a18 sp=0x000000928dbfb6b0
Event: 100.570 Thread 0x000001f42e902720 DEOPT UNPACKING pc=0x000001f43eec23a3 sp=0x000000928dbfb640 mode 2
Event: 100.570 Thread 0x000001f42e902720 Uncommon trap: trap_request=0xffffffc6 fr.pc=0x000001f43f512a18 relative=0x0000000000000ff8
Event: 100.570 Thread 0x000001f42e902720 Uncommon trap: reason=bimorphic_or_optimized_type_check action=maybe_recompile pc=0x000001f43f512a18 method=java.util.HashMap.putVal(ILjava/lang/Object;Ljava/lang/Object;ZZ)Ljava/lang/Object; @ 152 c2
Event: 100.570 Thread 0x000001f42e902720 DEOPT PACKING pc=0x000001f43f512a18 sp=0x000000928dbfb6b0
Event: 100.570 Thread 0x000001f42e902720 DEOPT UNPACKING pc=0x000001f43eec23a3 sp=0x000000928dbfb640 mode 2
Event: 100.570 Thread 0x000001f42e902720 Uncommon trap: trap_request=0xffffffc6 fr.pc=0x000001f43f512a18 relative=0x0000000000000ff8
Event: 100.571 Thread 0x000001f42e902720 Uncommon trap: reason=bimorphic_or_optimized_type_check action=maybe_recompile pc=0x000001f43f512a18 method=java.util.HashMap.putVal(ILjava/lang/Object;Ljava/lang/Object;ZZ)Ljava/lang/Object; @ 152 c2
Event: 100.571 Thread 0x000001f42e902720 DEOPT PACKING pc=0x000001f43f512a18 sp=0x000000928dbfb6b0
Event: 100.571 Thread 0x000001f42e902720 DEOPT UNPACKING pc=0x000001f43eec23a3 sp=0x000000928dbfb640 mode 2
Event: 100.571 Thread 0x000001f42e902720 Uncommon trap: trap_request=0xffffffc6 fr.pc=0x000001f43f512a18 relative=0x0000000000000ff8
Event: 100.571 Thread 0x000001f42e902720 Uncommon trap: reason=bimorphic_or_optimized_type_check action=maybe_recompile pc=0x000001f43f512a18 method=java.util.HashMap.putVal(ILjava/lang/Object;Ljava/lang/Object;ZZ)Ljava/lang/Object; @ 152 c2
Event: 100.571 Thread 0x000001f42e902720 DEOPT PACKING pc=0x000001f43f512a18 sp=0x000000928dbfb6b0
Event: 100.571 Thread 0x000001f42e902720 DEOPT UNPACKING pc=0x000001f43eec23a3 sp=0x000000928dbfb640 mode 2
Event: 118.938 Thread 0x000001f42e902720 Uncommon trap: trap_request=0xffffffde fr.pc=0x000001f43f46b954 relative=0x0000000000000fb4
Event: 118.938 Thread 0x000001f42e902720 Uncommon trap: reason=class_check action=maybe_recompile pc=0x000001f43f46b954 method=java.util.concurrent.ConcurrentHashMap.putVal(Ljava/lang/Object;Ljava/lang/Object;Z)Ljava/lang/Object; @ 242 c2
Event: 118.938 Thread 0x000001f42e902720 DEOPT PACKING pc=0x000001f43f46b954 sp=0x000000928dbfe3b0
Event: 118.938 Thread 0x000001f42e902720 DEOPT UNPACKING pc=0x000001f43eec23a3 sp=0x000000928dbfe320 mode 2

Classes unloaded (0 events):
No events

Classes redefined (0 events):
No events

Internal exceptions (20 events):
Event: 14.630 Thread 0x000001f42e902720 Exception <a 'java/lang/NoSuchMethodError'{0x000000070d082b10}: 'int java.lang.invoke.DirectMethodHandle$Holder.invokeSpecial(java.lang.Object, java.lang.Object, java.lang.Object)'> (0x000000070d082b10) 
thrown [s\open\src\hotspot\share\interpreter\linkResolver.cpp, line 759]
Event: 14.631 Thread 0x000001f42e902720 Exception <a 'java/lang/NoSuchMethodError'{0x000000070d089348}: 'int java.lang.invoke.DirectMethodHandle$Holder.invokeSpecialIFC(java.lang.Object, java.lang.Object, java.lang.Object, java.lang.Object)'> (0x000000070d089348) 
thrown [s\open\src\hotspot\share\interpreter\linkResolver.cpp, line 759]
Event: 14.658 Thread 0x000001f42e902720 Exception <a 'java/lang/NoSuchMethodError'{0x000000070d0e5388}: 'int java.lang.invoke.DirectMethodHandle$Holder.invokeVirtual(java.lang.Object, java.lang.Object)'> (0x000000070d0e5388) 
thrown [s\open\src\hotspot\share\interpreter\linkResolver.cpp, line 759]
Event: 14.663 Thread 0x000001f42e902720 Exception <a 'java/lang/NoSuchMethodError'{0x000000070d0eb818}: 'double java.lang.invoke.DirectMethodHandle$Holder.invokeVirtual(java.lang.Object, java.lang.Object)'> (0x000000070d0eb818) 
thrown [s\open\src\hotspot\share\interpreter\linkResolver.cpp, line 759]
Event: 14.668 Thread 0x000001f42e902720 Exception <a 'java/lang/NoSuchMethodError'{0x000000070d0f1f98}: 'float java.lang.invoke.DirectMethodHandle$Holder.invokeVirtual(java.lang.Object, java.lang.Object)'> (0x000000070d0f1f98) 
thrown [s\open\src\hotspot\share\interpreter\linkResolver.cpp, line 759]
Event: 14.671 Thread 0x000001f42e902720 Exception <a 'java/lang/NoSuchMethodError'{0x000000070d0faf90}: 'long java.lang.invoke.DirectMethodHandle$Holder.invokeVirtual(java.lang.Object, java.lang.Object)'> (0x000000070d0faf90) 
thrown [s\open\src\hotspot\share\interpreter\linkResolver.cpp, line 759]
Event: 14.690 Thread 0x000001f42e902720 Exception <a 'java/lang/NoSuchMethodError'{0x000000070d12a4e0}: 'java.lang.Object java.lang.invoke.DirectMethodHandle$Holder.invokeVirtual(java.lang.Object, java.lang.Object, java.lang.Object)'> (0x000000070d12a4e0) 
thrown [s\open\src\hotspot\share\interpreter\linkResolver.cpp, line 759]
Event: 14.802 Thread 0x000001f42e902720 Exception <a 'java/lang/NoSuchMethodError'{0x000000070ce5ef18}: 'void java.lang.invoke.DirectMethodHandle$Holder.invokeSpecial(java.lang.Object, java.lang.Object, java.lang.Object, java.lang.Object, java.lang.Object)'> (0x000000070ce5ef18) 
thrown [s\open\src\hotspot\share\interpreter\linkResolver.cpp, line 759]
Event: 14.866 Thread 0x000001f42e902720 Exception <a 'java/lang/NoSuchMethodError'{0x000000070cf06b58}: 'java.lang.Object java.lang.invoke.DirectMethodHandle$Holder.newInvokeSpecial(java.lang.Object, java.lang.Object, java.lang.Object, java.lang.Object, java.lang.Object)'> (0x000000070cf06b58) 
thrown [s\open\src\hotspot\share\interpreter\linkResolver.cpp, line 759]
Event: 14.986 Thread 0x000001f42e902720 Exception <a 'java/lang/NoSuchMethodError'{0x000000070cca3278}: 'java.lang.Object java.lang.invoke.Invokers$Holder.invokeExact_MT(java.lang.Object, java.lang.Object, java.lang.Object, java.lang.Object, java.lang.Object, java.lang.Object)'> (0x000000070cca3278) 
thrown [s\open\src\hotspot\share\interpreter\linkResolver.cpp, line 759]
Event: 14.996 Thread 0x000001f42e902720 Exception <a 'java/lang/NoSuchMethodError'{0x000000070ccb93a0}: 'void java.lang.invoke.DirectMethodHandle$Holder.invokeStatic(java.lang.Object, java.lang.Object, java.lang.Object, java.lang.Object, java.lang.Object, java.lang.Object)'> (0x000000070ccb93a0) 
thrown [s\open\src\hotspot\share\interpreter\linkResolver.cpp, line 759]
Event: 15.015 Thread 0x000001f42e902720 Exception <a 'java/lang/NoSuchMethodError'{0x000000070cccf060}: 'void java.lang.invoke.DirectMethodHandle$Holder.invokeInterface(java.lang.Object, java.lang.Object, java.lang.Object)'> (0x000000070cccf060) 
thrown [s\open\src\hotspot\share\interpreter\linkResolver.cpp, line 759]
Event: 15.241 Thread 0x000001f42e902720 Exception <a 'java/lang/NoSuchMethodError'{0x0000000705208db8}: 'void java.lang.invoke.DirectMethodHandle$Holder.invokeStatic(java.lang.Object, java.lang.Object, java.lang.Object, java.lang.Object)'> (0x0000000705208db8) 
thrown [s\open\src\hotspot\share\interpreter\linkResolver.cpp, line 759]
Event: 61.698 Thread 0x000001f42e902720 Exception <a 'java/lang/NoSuchMethodError'{0x00000007053b9600}: 'java.lang.Object java.lang.invoke.DirectMethodHandle$Holder.invokeSpecialIFC(java.lang.Object, java.lang.Object, java.lang.Object)'> (0x00000007053b9600) 
thrown [s\open\src\hotspot\share\interpreter\linkResolver.cpp, line 759]
Event: 61.748 Thread 0x000001f42e902720 Exception <a 'java/lang/ClassNotFoundException'{0x0000000705013fa8}: sun/util/logging/resources/spi/loggingProvider> (0x0000000705013fa8) 
thrown [s\open\src\hotspot\share\classfile\systemDictionary.cpp, line 256]
Event: 67.113 Thread 0x000001f42e902720 Exception <a 'java/lang/NoSuchMethodError'{0x0000000704f9eab8}: 'void java.lang.invoke.DirectMethodHandle$Holder.invokeVirtual(java.lang.Object, java.lang.Object)'> (0x0000000704f9eab8) 
thrown [s\open\src\hotspot\share\interpreter\linkResolver.cpp, line 759]
Event: 100.574 Thread 0x000001f42e902720 Exception <a 'java/lang/ClassNotFoundException'{0x0000000704b54480}: sun/misc/SharedSecrets> (0x0000000704b54480) 
thrown [s\open\src\hotspot\share\classfile\systemDictionary.cpp, line 256]
Event: 100.577 Thread 0x000001f42e902720 Exception <a 'java/lang/reflect/InvocationTargetException'{0x0000000704b64550}> (0x0000000704b64550) 
thrown [s\open\src\hotspot\share\runtime\reflection.cpp, line 1121]
Event: 118.918 Thread 0x000001f42e902720 Exception <a 'java/lang/reflect/InvocationTargetException'{0x0000000704803290}> (0x0000000704803290) 
thrown [s\open\src\hotspot\share\runtime\reflection.cpp, line 1121]
Event: 118.944 Thread 0x000001f42e902720 Exception <a 'java/lang/NoSuchMethodError'{0x000000070482acb0}: 'void java.lang.invoke.DirectMethodHandle$Holder.invokeInterface(java.lang.Object, java.lang.Object)'> (0x000000070482acb0) 
thrown [s\open\src\hotspot\share\interpreter\linkResolver.cpp, line 759]

VM Operations (20 events):
Event: 67.556 Executing VM operation: Cleanup
Event: 67.556 Executing VM operation: Cleanup done
Event: 72.579 Executing VM operation: Cleanup
Event: 72.580 Executing VM operation: Cleanup done
Event: 73.594 Executing VM operation: Cleanup
Event: 73.594 Executing VM operation: Cleanup done
Event: 74.609 Executing VM operation: Cleanup
Event: 74.609 Executing VM operation: Cleanup done
Event: 84.695 Executing VM operation: Cleanup
Event: 84.695 Executing VM operation: Cleanup done
Event: 97.832 Executing VM operation: Cleanup
Event: 97.832 Executing VM operation: Cleanup done
Event: 100.570 Executing VM operation: HandshakeAllThreads
Event: 100.570 Executing VM operation: HandshakeAllThreads done
Event: 100.570 Executing VM operation: Cleanup
Event: 100.570 Executing VM operation: Cleanup done
Event: 101.570 Executing VM operation: Cleanup
Event: 101.570 Executing VM operation: Cleanup done
Event: 117.692 Executing VM operation: Cleanup
Event: 117.692 Executing VM operation: Cleanup done

Events (20 events):
Event: 100.565 loading class java/util/stream/SortedOps$RefSortingSink
Event: 100.565 loading class java/util/stream/SortedOps$AbstractRefSortingSink
Event: 100.565 loading class java/util/stream/SortedOps$AbstractRefSortingSink done
Event: 100.565 loading class java/util/stream/SortedOps$RefSortingSink done
Event: 100.568 loading class java/lang/ProcessEnvironment
Event: 100.569 loading class java/lang/ProcessEnvironment done
Event: 100.570 loading class java/lang/ProcessEnvironment$NameComparator
Event: 100.570 loading class java/lang/ProcessEnvironment$NameComparator done
Event: 100.570 loading class java/lang/ProcessEnvironment$EntryComparator
Event: 100.570 loading class java/lang/ProcessEnvironment$EntryComparator done
Event: 100.571 loading class java/lang/ProcessEnvironment$CheckedEntrySet
Event: 100.571 loading class java/lang/ProcessEnvironment$CheckedEntrySet done
Event: 100.571 loading class java/lang/ProcessEnvironment$CheckedEntrySet$1
Event: 100.571 loading class java/lang/ProcessEnvironment$CheckedEntrySet$1 done
Event: 100.571 loading class java/lang/ProcessEnvironment$CheckedEntry
Event: 100.571 loading class java/lang/ProcessEnvironment$CheckedEntry done
Event: 100.574 loading class sun/misc/SharedSecrets
Event: 100.574 loading class sun/misc/SharedSecrets done
Event: 100.576 loading class java/util/stream/SortedOps$SizedRefSortingSink
Event: 100.576 loading class java/util/stream/SortedOps$SizedRefSortingSink done


Dynamic libraries:
0x00007ff640590000 - 0x00007ff6405a0000 	C:\Program Files\Java\jdk-17\bin\javaw.exe
0x00007ff98c450000 - 0x00007ff98c667000 	C:\WINDOWS\SYSTEM32\ntdll.dll
0x00007ff98a860000 - 0x00007ff98a924000 	C:\WINDOWS\System32\KERNEL32.DLL
0x00007ff989960000 - 0x00007ff989d05000 	C:\WINDOWS\System32\KERNELBASE.dll
0x00007ff989d10000 - 0x00007ff989e21000 	C:\WINDOWS\System32\ucrtbase.dll
0x00007ff9628e0000 - 0x00007ff9628f9000 	C:\Program Files\Java\jdk-17\bin\jli.dll
0x00007ff98bdf0000 - 0x00007ff98bea1000 	C:\WINDOWS\System32\ADVAPI32.dll
0x00007ff98a7b0000 - 0x00007ff98a857000 	C:\WINDOWS\System32\msvcrt.dll
0x00007ff98c200000 - 0x00007ff98c2a6000 	C:\WINDOWS\System32\sechost.dll
0x00007ff962900000 - 0x00007ff96291b000 	C:\Program Files\Java\jdk-17\bin\VCRUNTIME140.dll
0x00007ff98a5d0000 - 0x00007ff98a6e7000 	C:\WINDOWS\System32\RPCRT4.dll
0x00007ff98ae90000 - 0x00007ff98b03e000 	C:\WINDOWS\System32\USER32.dll
0x00007ff989930000 - 0x00007ff989956000 	C:\WINDOWS\System32\win32u.dll
0x00007ff98a1a0000 - 0x00007ff98a1c9000 	C:\WINDOWS\System32\GDI32.dll
0x00007ff98a000000 - 0x00007ff98a119000 	C:\WINDOWS\System32\gdi32full.dll
0x00007ff989e30000 - 0x00007ff989eca000 	C:\WINDOWS\System32\msvcp_win.dll
0x00007ff96d820000 - 0x00007ff96dab3000 	C:\WINDOWS\WinSxS\amd64_microsoft.windows.common-controls_6595b64144ccf1df_6.0.22621.2506_none_270c5ae97388e100\COMCTL32.dll
0x00007ff9829a0000 - 0x00007ff9829aa000 	C:\WINDOWS\SYSTEM32\VERSION.dll
0x00007ff98a6f0000 - 0x00007ff98a721000 	C:\WINDOWS\System32\IMM32.DLL
0x00007ff96d7d0000 - 0x00007ff96d7dc000 	C:\Program Files\Java\jdk-17\bin\vcruntime140_1.dll
0x00007ff962850000 - 0x00007ff9628de000 	C:\Program Files\Java\jdk-17\bin\msvcp140.dll
0x00007ff961a90000 - 0x00007ff96266d000 	C:\Program Files\Java\jdk-17\bin\server\jvm.dll
0x00007ff98a950000 - 0x00007ff98a958000 	C:\WINDOWS\System32\PSAPI.DLL
0x00007ff981c30000 - 0x00007ff981c64000 	C:\WINDOWS\SYSTEM32\WINMM.dll
0x00007ff96d810000 - 0x00007ff96d819000 	C:\WINDOWS\SYSTEM32\WSOCK32.dll
0x00007ff98a730000 - 0x00007ff98a7a1000 	C:\WINDOWS\System32\WS2_32.dll
0x00007ff988810000 - 0x00007ff988828000 	C:\WINDOWS\SYSTEM32\kernel.appcore.dll
0x00007ff96d7f0000 - 0x00007ff96d7fa000 	C:\Program Files\Java\jdk-17\bin\jimage.dll
0x00007ff9871a0000 - 0x00007ff9873d3000 	C:\WINDOWS\SYSTEM32\DBGHELP.DLL
0x00007ff98b100000 - 0x00007ff98b489000 	C:\WINDOWS\System32\combase.dll
0x00007ff98a4e0000 - 0x00007ff98a5b7000 	C:\WINDOWS\System32\OLEAUT32.dll
0x00007ff97faa0000 - 0x00007ff97fad2000 	C:\WINDOWS\SYSTEM32\dbgcore.DLL
0x00007ff98a120000 - 0x00007ff98a19a000 	C:\WINDOWS\System32\bcryptPrimitives.dll
0x00007ff976240000 - 0x00007ff976265000 	C:\Program Files\Java\jdk-17\bin\java.dll
0x00007ff9668c0000 - 0x00007ff966997000 	C:\Program Files\Java\jdk-17\bin\jsvml.dll
0x00007ff98b590000 - 0x00007ff98bde9000 	C:\WINDOWS\System32\SHELL32.dll
0x00007ff9876a0000 - 0x00007ff987f94000 	C:\WINDOWS\SYSTEM32\windows.storage.dll
0x00007ff987560000 - 0x00007ff98769e000 	C:\WINDOWS\SYSTEM32\wintypes.dll
0x00007ff98beb0000 - 0x00007ff98bfa3000 	C:\WINDOWS\System32\SHCORE.dll
0x00007ff98c3b0000 - 0x00007ff98c40e000 	C:\WINDOWS\System32\shlwapi.dll
0x00007ff9896f0000 - 0x00007ff989716000 	C:\WINDOWS\SYSTEM32\profapi.dll
0x00007ff9687a0000 - 0x00007ff9687b9000 	C:\Program Files\Java\jdk-17\bin\net.dll
0x00007ff980fc0000 - 0x00007ff9810f7000 	C:\WINDOWS\SYSTEM32\WINHTTP.dll
0x00007ff988ce0000 - 0x00007ff988d49000 	C:\WINDOWS\system32\mswsock.dll
0x00007ff9762b0000 - 0x00007ff9762c6000 	C:\Program Files\Java\jdk-17\bin\nio.dll
0x00007ff976290000 - 0x00007ff9762a8000 	C:\Program Files\Java\jdk-17\bin\zip.dll
0x00007ff9707a0000 - 0x00007ff9707b0000 	C:\Program Files\Java\jdk-17\bin\verify.dll
0x00007ff9882e0000 - 0x00007ff9883d9000 	C:\WINDOWS\SYSTEM32\DNSAPI.dll
0x00007ff9882b0000 - 0x00007ff9882dd000 	C:\WINDOWS\SYSTEM32\IPHLPAPI.DLL
0x00007ff98a960000 - 0x00007ff98a969000 	C:\WINDOWS\System32\NSI.dll
0x00007ff979130000 - 0x00007ff97913a000 	C:\Windows\System32\rasadhlp.dll
0x00007ff97fe80000 - 0x00007ff97ff03000 	C:\WINDOWS\System32\fwpuclnt.dll
0x00007ff989030000 - 0x00007ff98904b000 	C:\WINDOWS\SYSTEM32\CRYPTSP.dll
0x00007ff9887d0000 - 0x00007ff988805000 	C:\WINDOWS\system32\rsaenh.dll
0x00007ff988d80000 - 0x00007ff988dac000 	C:\WINDOWS\SYSTEM32\USERENV.dll
0x00007ff989170000 - 0x00007ff989198000 	C:\WINDOWS\SYSTEM32\bcrypt.dll
0x00007ff989010000 - 0x00007ff98901c000 	C:\WINDOWS\SYSTEM32\CRYPTBASE.dll
0x00007ff980ef0000 - 0x00007ff980f09000 	C:\WINDOWS\SYSTEM32\dhcpcsvc6.DLL
0x00007ff980f70000 - 0x00007ff980f8f000 	C:\WINDOWS\SYSTEM32\dhcpcsvc.DLL
0x00007ff970490000 - 0x00007ff97049d000 	C:\Program Files\Java\jdk-17\bin\sunmscapi.dll
0x00007ff9897c0000 - 0x00007ff989926000 	C:\WINDOWS\System32\CRYPT32.dll
0x00007ff989140000 - 0x00007ff98916d000 	C:\WINDOWS\SYSTEM32\ncrypt.dll
0x00007ff989100000 - 0x00007ff989137000 	C:\WINDOWS\SYSTEM32\NTASN1.dll
0x00007ff980c20000 - 0x00007ff980c37000 	C:\WINDOWS\system32\napinsp.dll
0x00007ff980af0000 - 0x00007ff980b0b000 	C:\WINDOWS\system32\pnrpnsp.dll
0x00007ff980a90000 - 0x00007ff980aa1000 	C:\WINDOWS\System32\winrnr.dll
0x00007ff980a70000 - 0x00007ff980a85000 	C:\WINDOWS\system32\wshbth.dll
0x00007ff980a40000 - 0x00007ff980a61000 	C:\WINDOWS\system32\nlansp_c.dll

dbghelp: loaded successfully - version: 4.0.5 - missing functions: none
symbol engine: initialized successfully - sym options: 0x614 - pdb path: .;C:\Program Files\Java\jdk-17\bin;C:\WINDOWS\SYSTEM32;C:\WINDOWS\WinSxS\amd64_microsoft.windows.common-controls_6595b64144ccf1df_6.0.22621.2506_none_270c5ae97388e100;C:\Program Files\Java\jdk-17\bin\server

VM Arguments:
jvm_args: -ea -Dfile.encoding=UTF-8 -XX:+ShowCodeDetailsInExceptionMessages 
java_command: org.testng.remote.RemoteTestNG -serport 65227 -protocol json -d D:\Mobile Testing Workspace\EdaatMobileAutomation\test-output C:\Users\USER\AppData\Local\Temp\testng-eclipse-617022544\testng-customsuite.xml
java_class_path (initial): C:\Users\USER\eclipse\java-2023-062\eclipse\configuration\org.eclipse.osgi\512\0\.cp\lib\testng-remote.jar;D:\Mobile Testing Workspace\EdaatMobileAutomation\target\test-classes;D:\Mobile Testing Workspace\EdaatMobileAutomation\target\classes;C:\Users\USER\Downloads\MonteScreenRecorder.jar;C:\Users\USER\.m2\repository\org\slf4j\slf4j-simple\1.7.21\slf4j-simple-1.7.21.jar;C:\Users\USER\.m2\repository\org\slf4j\slf4j-api\1.7.25\slf4j-api-1.7.25.jar;C:\Users\USER\.m2\repository\org\testng\testng\6.10\testng-6.10.jar;C:\Users\USER\.m2\repository\com\beust\jcommander\1.48\jcommander-1.48.jar;C:\Users\USER\.m2\repository\org\seleniumhq\selenium\selenium-server\3.141.59\selenium-server-3.141.59.jar;C:\Users\USER\.m2\repository\org\seleniumhq\selenium\selenium-api\3.141.59\selenium-api-3.141.59.jar;C:\Users\USER\.m2\repository\org\seleniumhq\selenium\selenium-edge-driver\3.141.59\selenium-edge-driver-3.141.59.jar;C:\Users\USER\.m2\repository\org\seleniumhq\selenium\selenium-opera-driver\3.141.59\selenium-opera-driver-3.141.59.jar;C:\Users\USER\.m2\repository\org\seleniumhq\selenium\selenium-safari-driver\3.141.59\selenium-safari-driver-3.141.59.jar;C:\Users\USER\.m2\repository\org\seleniumhq\selenium\selenium-support\3.141.59\selenium-support-3.141.59.jar;C:\Users\USER\.m2\repository\net\bytebuddy\byte-buddy\1.8.15\byte-buddy-1.8.15.jar;C:\Users\USER\.m2\repository\org\apache\commons\commons-exec\1.3\commons-exec-1.3.jar;C:\Users\USER\.m2\repository\com\google\guava\guava\25.0-jre\guava-25.0-jre.jar;C:\Users\USER\.m2\repository\com\google\code\findbugs\jsr305\1.3.9\jsr305-1.3.9.jar;C:\Users\USER\.m2\repository\org\checkerframework\checker-compat-qual\2.0.0\checker-compat-qual-2.0.0.jar;C:\Users\USER\.m2\repository\com\google\errorprone\error_prone_annotations\2.1.3\error_prone_annotations-2.1.3.jar;C:\Users\USER\.m2\repository\com\google\j2objc\j2objc-annotations\1.1\j2objc-annotations-1.1.jar;C:\Users\USER\.m2\repository\org\codehaus\mojo\animal
Launcher Type: SUN_STANDARD

[Global flags]
     intx CICompilerCount                          = 4                                         {product} {ergonomic}
     uint ConcGCThreads                            = 2                                         {product} {ergonomic}
     uint G1ConcRefinementThreads                  = 8                                         {product} {ergonomic}
   size_t G1HeapRegionSize                         = 2097152                                   {product} {ergonomic}
    uintx GCDrainStackTargetSize                   = 64                                        {product} {ergonomic}
   size_t InitialHeapSize                          = 268435456                                 {product} {ergonomic}
   size_t MarkStackSize                            = 4194304                                   {product} {ergonomic}
   size_t MaxHeapSize                              = 4263510016                                {product} {ergonomic}
   size_t MaxNewSize                               = 2556428288                                {product} {ergonomic}
   size_t MinHeapDeltaBytes                        = 2097152                                   {product} {ergonomic}
   size_t MinHeapSize                              = 8388608                                   {product} {ergonomic}
    uintx NonNMethodCodeHeapSize                   = 5839372                                {pd product} {ergonomic}
    uintx NonProfiledCodeHeapSize                  = 122909434                              {pd product} {ergonomic}
    uintx ProfiledCodeHeapSize                     = 122909434                              {pd product} {ergonomic}
    uintx ReservedCodeCacheSize                    = 251658240                              {pd product} {ergonomic}
     bool SegmentedCodeCache                       = true                                      {product} {ergonomic}
     bool ShowCodeDetailsInExceptionMessages       = true                                   {manageable} {command line}
   size_t SoftMaxHeapSize                          = 4263510016                             {manageable} {ergonomic}
     bool UseCompressedClassPointers               = true                           {product lp64_product} {ergonomic}
     bool UseCompressedOops                        = true                           {product lp64_product} {ergonomic}
     bool UseG1GC                                  = true                                      {product} {ergonomic}
     bool UseLargePagesIndividualAllocation        = false                                  {pd product} {ergonomic}

Logging:
Log output configuration:
 #0: stdout all=warning uptime,level,tags
 #1: stderr all=off uptime,level,tags

Environment Variables:
JAVA_HOME=C:\Program Files\Java\jdk-17
PATH=C:\Program Files\Common Files\Oracle\Java\javapath;C:\WINDOWS\system32;C:\WINDOWS;C:\WINDOWS\System32\Wbem;C:\WINDOWS\System32\WindowsPowerShell\v1.0\;C:\WINDOWS\System32\OpenSSH\;C:\Program Files\Intel\WiFi\bin\;C:\Program Files\Common Files\Intel\WirelessCommon\;C:\Program Files\nodejs\;C:\Users\USER\AppData\Local\Android\Sdk\build-tools;C:\Users\USER\AppData\Local\Android\Sdk\platform-tools;C:\Program Files\Java\jdk-17\bin;C:\Program Files\Git\cmd;C:\apache-maven-3.9.5\bin;C:\apache-maven-3.9.5;C:\apache-maven-3.9.5\bin;C:\Users\USER\AppData\Local\Microsoft\WindowsApps;C:\Users\USER\AppData\Local\GitHubDesktop\bin;C:\Users\USER\AppData\Roaming\npm;
USERNAME=USER
OS=Windows_NT
PROCESSOR_IDENTIFIER=Intel64 Family 6 Model 142 Stepping 10, GenuineIntel



---------------  S Y S T E M  ---------------

OS:
 Windows 11 , 64 bit Build 22621 (10.0.22621.2506)
OS uptime: 6 days 3:12 hours
Hyper-V role detected

CPU: total 8 (initial active 8) (4 cores per cpu, 2 threads per core) family 6 model 142 stepping 10 microcode 0xf0, cx8, cmov, fxsr, ht, mmx, 3dnowpref, sse, sse2, sse3, ssse3, sse4.1, sse4.2, popcnt, lzcnt, tsc, tscinvbit, avx, avx2, aes, erms, clmul, bmi1, bmi2, rtm, adx, fma, vzeroupper, clflush, clflushopt, hv

Memory: 4k page, system-wide physical 16258M (1817M free)
TotalPageFile size 46135M (AvailPageFile size 0M)
current process WorkingSet (physical memory assigned to process): 116M, peak: 188M
current process commit charge ("private bytes"): 191M, peak: 400M

vm_info: Java HotSpot(TM) 64-Bit Server VM (17.0.7+8-LTS-224) for windows-amd64 JRE (17.0.7+8-LTS-224), built on Feb 28 2023 23:03:02 by "mach5one" with MS VC++ 17.1 (VS2022)

END.
